<?xml version="1.0" encoding="UTF-8"?>
<!-- Generated by org.testng.reporters.JUnitXMLReporter -->
<testsuite hostname="admin-PC" ignored="0" name="Test123" tests="7" failures="1" timestamp="14 Oct 2020 00:56:53 GMT" time="0.089" errors="0">
  <testcase name="Invocationcountmethod" time="0.012" classname="VariousAnnotationsConcept.InvocationCountClass"/>
  <testcase name="Invocationcountmethod" time="0.003" classname="VariousAnnotationsConcept.InvocationCountClass"/>
  <testcase name="priorityTest" time="0.005" classname="VariousAnnotationsConcept.PriorityClass">
    <skipped/>
  </testcase> <!-- priorityTest -->
  <testcase name="priorityTest" time="0.002" classname="VariousAnnotationsConcept.PriorityClass">
    <skipped/>
  </testcase> <!-- priorityTest -->
  <testcase name="priorityTest" time="0.002" classname="VariousAnnotationsConcept.PriorityClass">
    <failure type="java.lang.AssertionError" message="expected [true] but found [false]">
      <![CDATA[java.lang.AssertionError: expected [true] but found [false]
	at VariousAnnotationsConcept.PriorityClass.priorityTest(PriorityClass.java:13)
... Removed 29 stack frames]]>
    </failure>
  </testcase> <!-- priorityTest -->
  <testcase name="priorityTest2" time="0.002" classname="VariousAnnotationsConcept.PriorityClass"/>
  <testcase name="priorityTest1" time="0.004" classname="VariousAnnotationsConcept.PriorityClass"/>
</testsuite> <!-- Test123 -->
